<?xml version="1.0" encoding="UTF-8"?>
<!-- Generated by org.testng.reporters.JUnitReportReporter -->
<testsuite skipped="0" hostname="DESKTOP-MLVAP7K" name="randomNumbers.GenerateRandom500Numbers" tests="1" failures="0" timestamp="29 Jun 2022 20:43:15 GMT" time="5.083" errors="0">
  <testcase name="generateRandomNumber" time="5.083" classname="randomNumbers.GenerateRandom500Numbers"/>
</testsuite> <!-- randomNumbers.GenerateRandom500Numbers -->
