<?xml version="1.0" encoding="UTF-8"?>
<!-- Generated by org.testng.reporters.JUnitReportReporter -->
<testsuite skipped="0" hostname="DESKTOP-MLVAP7K" name="randomNumbers.GenerateRandom500Numbers" tests="1" failures="0" timestamp="29 Jun 2022 03:57:24 GMT" time="4.653" errors="0">
  <testcase name="generateRandomNumber" time="4.653" classname="randomNumbers.GenerateRandom500Numbers"/>
</testsuite> <!-- randomNumbers.GenerateRandom500Numbers -->
